C:\My Documents\Website Project\IT Projects\02 E-Commerce\sprint 01\02 System Development\ECommerce\ECommerce\src\app\app.component.js
C:\My Documents\Website Project\IT Projects\02 E-Commerce\sprint 01\02 System Development\ECommerce\ECommerce\src\app\app.component.js.map
C:\My Documents\Website Project\IT Projects\02 E-Commerce\sprint 01\02 System Development\ECommerce\ECommerce\src\app\product\product.js
C:\My Documents\Website Project\IT Projects\02 E-Commerce\sprint 01\02 System Development\ECommerce\ECommerce\src\app\product\product.js.map
C:\My Documents\Website Project\IT Projects\02 E-Commerce\sprint 01\02 System Development\ECommerce\ECommerce\src\app\window\window.service.js
C:\My Documents\Website Project\IT Projects\02 E-Commerce\sprint 01\02 System Development\ECommerce\ECommerce\src\app\window\window.service.js.map
C:\My Documents\Website Project\IT Projects\02 E-Commerce\sprint 01\02 System Development\ECommerce\ECommerce\src\app\product\product.service.js
C:\My Documents\Website Project\IT Projects\02 E-Commerce\sprint 01\02 System Development\ECommerce\ECommerce\src\app\product\product.service.js.map
C:\My Documents\Website Project\IT Projects\02 E-Commerce\sprint 01\02 System Development\ECommerce\ECommerce\src\app\product\productList.component.js
C:\My Documents\Website Project\IT Projects\02 E-Commerce\sprint 01\02 System Development\ECommerce\ECommerce\src\app\product\productList.component.js.map
C:\My Documents\Website Project\IT Projects\02 E-Commerce\sprint 01\02 System Development\ECommerce\ECommerce\src\app\product\product.component.js
C:\My Documents\Website Project\IT Projects\02 E-Commerce\sprint 01\02 System Development\ECommerce\ECommerce\src\app\product\product.component.js.map
C:\My Documents\Website Project\IT Projects\02 E-Commerce\sprint 01\02 System Development\ECommerce\ECommerce\src\app\cart\cart.component.js
C:\My Documents\Website Project\IT Projects\02 E-Commerce\sprint 01\02 System Development\ECommerce\ECommerce\src\app\cart\cart.component.js.map
C:\My Documents\Website Project\IT Projects\02 E-Commerce\sprint 01\02 System Development\ECommerce\ECommerce\src\app\app.module.js
C:\My Documents\Website Project\IT Projects\02 E-Commerce\sprint 01\02 System Development\ECommerce\ECommerce\src\app\app.module.js.map
C:\My Documents\Website Project\IT Projects\02 E-Commerce\sprint 01\02 System Development\ECommerce\ECommerce\src\main.js
C:\My Documents\Website Project\IT Projects\02 E-Commerce\sprint 01\02 System Development\ECommerce\ECommerce\src\main.js.map
C:\My Documents\Website Project\IT Projects\02 E-Commerce\sprint 01\02 System Development\ECommerce\ECommerce\src\app\app.component.spec.js
C:\My Documents\Website Project\IT Projects\02 E-Commerce\sprint 01\02 System Development\ECommerce\ECommerce\src\app\app.component.spec.js.map
