C:\Users\Justin\Desktop\IT-Elite\02ECommerceWeb\ECommerce\src\app\app.component.js
C:\Users\Justin\Desktop\IT-Elite\02ECommerceWeb\ECommerce\src\app\app.component.js.map
C:\Users\Justin\Desktop\IT-Elite\02ECommerceWeb\ECommerce\src\app\product\product.js
C:\Users\Justin\Desktop\IT-Elite\02ECommerceWeb\ECommerce\src\app\product\product.js.map
C:\Users\Justin\Desktop\IT-Elite\02ECommerceWeb\ECommerce\src\app\window\window.service.js
C:\Users\Justin\Desktop\IT-Elite\02ECommerceWeb\ECommerce\src\app\window\window.service.js.map
C:\Users\Justin\Desktop\IT-Elite\02ECommerceWeb\ECommerce\src\app\product\product.service.js
C:\Users\Justin\Desktop\IT-Elite\02ECommerceWeb\ECommerce\src\app\product\product.service.js.map
C:\Users\Justin\Desktop\IT-Elite\02ECommerceWeb\ECommerce\src\app\product\productList.component.js
C:\Users\Justin\Desktop\IT-Elite\02ECommerceWeb\ECommerce\src\app\product\productList.component.js.map
C:\Users\Justin\Desktop\IT-Elite\02ECommerceWeb\ECommerce\src\app\product\product.component.js
C:\Users\Justin\Desktop\IT-Elite\02ECommerceWeb\ECommerce\src\app\product\product.component.js.map
C:\Users\Justin\Desktop\IT-Elite\02ECommerceWeb\ECommerce\src\app\cart\cart.component.js
C:\Users\Justin\Desktop\IT-Elite\02ECommerceWeb\ECommerce\src\app\cart\cart.component.js.map
C:\Users\Justin\Desktop\IT-Elite\02ECommerceWeb\ECommerce\src\app\navigation\nav.component.js
C:\Users\Justin\Desktop\IT-Elite\02ECommerceWeb\ECommerce\src\app\navigation\nav.component.js.map
C:\Users\Justin\Desktop\IT-Elite\02ECommerceWeb\ECommerce\src\app\login\login.component.js
C:\Users\Justin\Desktop\IT-Elite\02ECommerceWeb\ECommerce\src\app\login\login.component.js.map
C:\Users\Justin\Desktop\IT-Elite\02ECommerceWeb\ECommerce\src\app\order\order.component.js
C:\Users\Justin\Desktop\IT-Elite\02ECommerceWeb\ECommerce\src\app\order\order.component.js.map
C:\Users\Justin\Desktop\IT-Elite\02ECommerceWeb\ECommerce\src\app\home\home.component.js
C:\Users\Justin\Desktop\IT-Elite\02ECommerceWeb\ECommerce\src\app\home\home.component.js.map
C:\Users\Justin\Desktop\IT-Elite\02ECommerceWeb\ECommerce\src\app\app.module.js
C:\Users\Justin\Desktop\IT-Elite\02ECommerceWeb\ECommerce\src\app\app.module.js.map
C:\Users\Justin\Desktop\IT-Elite\02ECommerceWeb\ECommerce\src\main.js
C:\Users\Justin\Desktop\IT-Elite\02ECommerceWeb\ECommerce\src\main.js.map
C:\Users\Justin\Desktop\IT-Elite\02ECommerceWeb\ECommerce\src\app\app.component.spec.js
C:\Users\Justin\Desktop\IT-Elite\02ECommerceWeb\ECommerce\src\app\app.component.spec.js.map
