D:\ECommerce\02ECommerceWeb\ECommerce\src\app\app.component.js
D:\ECommerce\02ECommerceWeb\ECommerce\src\app\app.component.js.map
D:\ECommerce\02ECommerceWeb\ECommerce\src\app\product\product.js
D:\ECommerce\02ECommerceWeb\ECommerce\src\app\product\product.js.map
D:\ECommerce\02ECommerceWeb\ECommerce\src\app\window\window.service.js
D:\ECommerce\02ECommerceWeb\ECommerce\src\app\window\window.service.js.map
D:\ECommerce\02ECommerceWeb\ECommerce\src\app\product\product.service.js
D:\ECommerce\02ECommerceWeb\ECommerce\src\app\product\product.service.js.map
D:\ECommerce\02ECommerceWeb\ECommerce\src\app\product\productList.component.js
D:\ECommerce\02ECommerceWeb\ECommerce\src\app\product\productList.component.js.map
D:\ECommerce\02ECommerceWeb\ECommerce\src\app\product\product.component.js
D:\ECommerce\02ECommerceWeb\ECommerce\src\app\product\product.component.js.map
D:\ECommerce\02ECommerceWeb\ECommerce\src\app\cart\cart.component.js
D:\ECommerce\02ECommerceWeb\ECommerce\src\app\cart\cart.component.js.map
D:\ECommerce\02ECommerceWeb\ECommerce\src\app\app.module.js
D:\ECommerce\02ECommerceWeb\ECommerce\src\app\app.module.js.map
D:\ECommerce\02ECommerceWeb\ECommerce\src\main.js
D:\ECommerce\02ECommerceWeb\ECommerce\src\main.js.map
D:\ECommerce\02ECommerceWeb\ECommerce\src\app\app.component.spec.js
D:\ECommerce\02ECommerceWeb\ECommerce\src\app\app.component.spec.js.map
D:\ECommerce\02ECommerceWeb\ECommerce\src\app\navigation\nav.component.js
D:\ECommerce\02ECommerceWeb\ECommerce\src\app\navigation\nav.component.js.map
